döbbenetes élményeire. A fu]

 vari="tes élményeire. A fut- ballpálya négyszög"
 mos_perpl=31.986614512384367

 vari="tes élményeire. A fut-ballpálya négyszög"
 mos_perpl=21.07578221589865

 vari="tes élményeire. A futballpálya négyszög"
 mos_perpl=1.0271821511549757

 vari="tes élményeire. A fuballpálya négyszög"
 mos_perpl=27.37170292495208

[tballpálya négyszögében létünk
színvonaláról, az szíveskedjen egysze]

 vari=" szíveskedjen egyszer- kétszer elolvasni "
 mos_perpl=2.9285760895144923

 vari=" szíveskedjen egyszer-kétszer elolvasni "
 mos_perpl=1.282568692749783

 vari=" szíveskedjen egyszerkétszer elolvasni "
 mos_perpl=1.8218138711871223

 vari=" szíveskedjen egyszekétszer elolvasni "
 mos_perpl=103.51240548493358

[r-kétszer elolvasni a személyes
annyi éven át én és a többi máso]

 vari="t én és a többi másod- és harmadrendű sta"
 mos_perpl=1.0199335284006743

 vari="t én és a többi másod-és harmadrendű sta"
 mos_perpl=4.361609246428769

 vari="t én és a többi másodés harmadrendű sta"
 mos_perpl=5.494512788209253

 vari="t én és a többi másoés harmadrendű sta"
 mos_perpl=5220.4420767132915

[d- és harmadrendű statiszta ebben
hogy a körfrekvencián a máso]

 vari="örfrekvencián a másod- percenkénti radián"
 mos_perpl=1.4194623436794729

 vari="örfrekvencián a másod-percenkénti radián"
 mos_perpl=1.8871696687386856

 vari="örfrekvencián a másodpercenkénti radián"
 mos_perpl=1.000001562972785

 vari="örfrekvencián a másopercenkénti radián"
 mos_perpl=186.73820729962625

[dpercenkénti radiánokat értjük

másnap reggel az as]

 vari="
másnap reggel az asz- szony felkelt és e"
 mos_perpl=18.362856668473928

 vari="
másnap reggel az asz-szony felkelt és e"
 mos_perpl=30.959695504837168

 vari="
másnap reggel az aszszony felkelt és e"
 mos_perpl=1.0189009261967608

 vari="
másnap reggel az asszony felkelt és e"
 mos_perpl=1.000198096702231

[szony felkelt és elindult

Olvasónk a sebességhatárt átlépve autózott egy kilométert a ]

 vari="tt egy kilométert a 6- os számú főút buda"
 mos_perpl=5.843584106441514

 vari="tt egy kilométert a 6-os számú főút buda"
 mos_perpl=1.145893014636654

 vari="tt egy kilométert a 6os számú főút buda"
 mos_perpl=101.81709346856998

 vari="tt egy kilométert a os számú főút buda"
 mos_perpl=29.865955016456592

[6-os számú főút budapesti szakaszán, negyven másodpercen alatt kétszer is letraffipaxozták, ezért dupla bírságot kellene fizetnie. Az ügy egyik fontos kérdése, hogy ez egy vagy két gyorshajtásnak minősü]

 vari="yorshajtásnak minősül- e. A rendőrségnél "
 mos_perpl=25.602331214991874

 vari="yorshajtásnak minősül-e. A rendőrségnél "
 mos_perpl=1.2509955628122502

 vari="yorshajtásnak minősüle. A rendőrségnél "
 mos_perpl=28.76852406505622

 vari="yorshajtásnak minősüe. A rendőrségnél "
 mos_perpl=16041.395549345

[l-e. A rendőrségnél nem ritka a halmozásos módszer, már nevet is adtak neki, mert jogszerűnek találják a sorozatos sebességellenőrzést. Kimentünk a helyszínre, hogy lássuk, valóban autópályának nézi]

 vari="an autópályának nézik- e az arra járók a "
 mos_perpl=67.37105555827252

 vari="an autópályának nézik-e az arra járók a "
 mos_perpl=1.0101145936886864

 vari="an autópályának nézike az arra járók a "
 mos_perpl=35.58369714317071

 vari="an autópályának nézie az arra járók a "
 mos_perpl=116.0564680693636

[k-e az arra járók a kétszer két sávos gyorsforgalmi utat, feltettük kérdéseinket a BRF]

 vari="k kérdéseinket a BRFK- nak, majd dr. Herp"
 mos_perpl=12.331332614208954

 vari="k kérdéseinket a BRFK-nak, majd dr. Herp"
 mos_perpl=1.1136011795806113

 vari="k kérdéseinket a BRFKnak, majd dr. Herp"
 mos_perpl=57.53041713439294

 vari="k kérdéseinket a BRFnak, majd dr. Herp"
 mos_perpl=238.93941996275186

[K-nak, majd dr. Herpy Miklós közlekedési ügyvédtől kértünk szakvéleményt, hogy kiderüljön: milyen szabályok kötik a rendőrség kezét, amikor sorban állítja ki mérőberendezéseit egy rövid útszakasz mellé. 

