döbbenetes élményeire. A fu]

 vari="döbbenetes élményeire. A fut- ballpálya négyszögében létü"
 mos_perpl=7.0941488876453755

 vari="döbbenetes élményeire. A fut-ballpálya négyszögében létü"
 mos_perpl=4.908438160416221

 vari="döbbenetes élményeire. A futballpálya négyszögében létü"
 mos_perpl=1.0975652783690144

[tballpálya négyszögében létünk
színvonaláról, az szíveskedjen egysze]

 vari="ról, az szíveskedjen egyszer- kétszer elolvasni a személy"
 mos_perpl=1.5620981700526566

 vari="ról, az szíveskedjen egyszer-kétszer elolvasni a személy"
 mos_perpl=1.1101754736022054

 vari="ról, az szíveskedjen egyszerkétszer elolvasni a személy"
 mos_perpl=1.251488516875225

[r-kétszer elolvasni a személyes
annyi éven át én és a többi máso]

 vari=" éven át én és a többi másod- és harmadrendű statiszta eb"
 mos_perpl=1.0091367269779008

 vari=" éven át én és a többi másod-és harmadrendű statiszta eb"
 mos_perpl=1.765006746355159

 vari=" éven át én és a többi másodés harmadrendű statiszta eb"
 mos_perpl=1.8473995886208148

[d- és harmadrendű statiszta ebben
hogy a körfrekvencián a máso]

 vari="ogy a körfrekvencián a másod- percenkénti radiánokat értj"
 mos_perpl=1.4914416689976704

 vari="ogy a körfrekvencián a másod-percenkénti radiánokat értj"
 mos_perpl=1.6744707215643806

 vari="ogy a körfrekvencián a másodpercenkénti radiánokat értj"
 mos_perpl=1.4573143454745936

[dpercenkénti radiánokat értjük

másnap reggel az as]

 vari="értjük

másnap reggel az asz- szony felkelt és elindult

"
 mos_perpl=4.652811657455389

 vari="értjük

másnap reggel az asz-szony felkelt és elindult

"
 mos_perpl=4.357597665116634

 vari="értjük

másnap reggel az aszszony felkelt és elindult

"
 mos_perpl=1.037955102855535

 vari="értjük

másnap reggel az asszony felkelt és elindult

"
 mos_perpl=1.025222391789717

[szony felkelt és elindult

Olvasónk a sebességhatárt átlépve autózott egy kilométert a ]

 vari=" autózott egy kilométert a 6- os számú főút budapesti sza"
 mos_perpl=2.0840854915164697

 vari=" autózott egy kilométert a 6-os számú főút budapesti sza"
 mos_perpl=1.0700302358039184

 vari=" autózott egy kilométert a 6os számú főút budapesti sza"
 mos_perpl=5.369244970041703

[6-os számú főút budapesti szakaszán, negyven másodpercen alatt kétszer is letraffipaxozták, ezért dupla bírságot kellene fizetnie. Az ügy egyik fontos kérdése, hogy ez egy vagy két gyorshajtásnak minősü]

 vari="y két gyorshajtásnak minősül- e. A rendőrségnél nem ritka"
 mos_perpl=3.842002458354876

 vari="y két gyorshajtásnak minősül-e. A rendőrségnél nem ritka"
 mos_perpl=1.0907080140192937

 vari="y két gyorshajtásnak minősüle. A rendőrségnél nem ritka"
 mos_perpl=3.3659708586969126

[l-e. A rendőrségnél nem ritka a halmozásos módszer, már nevet is adtak neki, mert jogszerűnek találják a sorozatos sebességellenőrzést. Kimentünk a helyszínre, hogy lássuk, valóban autópályának nézi]

 vari=", valóban autópályának nézik- e az arra járók a kétszer k"
 mos_perpl=5.600258581559953

 vari=", valóban autópályának nézik-e az arra járók a kétszer k"
 mos_perpl=1.0110548251430957

 vari=", valóban autópályának nézike az arra járók a kétszer k"
 mos_perpl=3.645340328112549

[k-e az arra járók a kétszer két sávos gyorsforgalmi utat, feltettük kérdéseinket a BRF]

 vari="eltettük kérdéseinket a BRFK- nak, majd dr. Herpy Miklós "
 mos_perpl=2.8809034762662145

 vari="eltettük kérdéseinket a BRFK-nak, majd dr. Herpy Miklós "
 mos_perpl=1.0729988000543187

 vari="eltettük kérdéseinket a BRFKnak, majd dr. Herpy Miklós "
 mos_perpl=4.474182213009923

[K-nak, majd dr. Herpy Miklós közlekedési ügyvédtől kértünk szakvéleményt, hogy kiderüljön: milyen szabályok kötik a rendőrség kezét, amikor sorban állítja ki mérőberendezéseit egy rövid útszakasz mellé.
