Alternatives:
aaa	29.149151053134197	óber 1., kedd
W{}W{}W. M AGYA RH{I}RLAP.HU
24 oldal
aab	107.006132231347	óber 1., kedd
W{}W{}W. M AGYA RH{1}RLAP.HU
24 oldal
aac	493.36317003891935	óber 1., kedd
W{}W{}W. M AGYA RH{l}RLAP.HU
24 oldal
aad	40.12668120400859	óber 1., kedd
W{}W{}W. M AGYA RH{/}RLAP.HU
24 oldal
aba	57.46471972176897	óber 1., kedd
W{}W{ }W. M AGYA RH{I}RLAP.HU
24 oldal
abb	192.69198974526452	óber 1., kedd
W{}W{ }W. M AGYA RH{1}RLAP.HU
24 oldal
abc	790.3991025387645	óber 1., kedd
W{}W{ }W. M AGYA RH{l}RLAP.HU
24 oldal
abd	76.63959923383997	óber 1., kedd
W{}W{ }W. M AGYA RH{/}RLAP.HU
24 oldal
baa	29.818612543108124	óber 1., kedd
W{ }W{}W. M AGYA RH{I}RLAP.HU
24 oldal
bab	102.72060780039958	óber 1., kedd
W{ }W{}W. M AGYA RH{1}RLAP.HU
24 oldal
bac	421.5750583750814	óber 1., kedd
W{ }W{}W. M AGYA RH{l}RLAP.HU
24 oldal
bad	40.993993519902645	óber 1., kedd
W{ }W{}W. M AGYA RH{/}RLAP.HU
24 oldal
bba	35.312241336492484	óber 1., kedd
W{ }W{ }W. M AGYA RH{I}RLAP.HU
24 oldal
bbb	112.36843700574164	óber 1., kedd
W{ }W{ }W. M AGYA RH{1}RLAP.HU
24 oldal
bbc	421.03352515135725	óber 1., kedd
W{ }W{ }W. M AGYA RH{l}RLAP.HU
24 oldal
bbd	47.72690996695352	óber 1., kedd
W{ }W{ }W. M AGYA RH{/}RLAP.HU
24 oldal
Best:	aaa	óber 1., kedd
W{}W{}W. M AGYA RH{I}RLAP.HU
24 oldal

Alternatives:
a	34457.030965759965	LAP.HU
24 oldal{ }, 94 forint
Vers
b	1.6875731457529621	LAP.HU
24 oldal{}, 94 forint
Vers
Best:	b	LAP.HU
24 oldal{}, 94 forint
Vers

Alternatives:
a	14821.526278444297	 színház körül
{Ü} 9. oldal
Több köb
b	6614.914816052334	 színház körül
{1} 9. oldal
Több köb
c	9987.405947804578	 színház körül
{I} 9. oldal
Több köb
d	492.8412018442966	 színház körül
{l} 9. oldal
Több köb
e	13014.493539419327	 színház körül
{/} 9. oldal
Több köb
Best:	d	 színház körül
{l} 9. oldal
Több köb

Alternatives:
a	1972.2596016020764	még a tennivaló{ }Második fordulór
b	1.0832657172379254	még a tennivaló{
}Második fordulór
Best:	b	még a tennivaló{
}Második fordulór

Alternatives:
a	2637804.9905226845	agát. 5. oldal
{Y} száz nap laktan
b	1.0262237689382443	agát. 5. oldal
{A} száz nap laktan
Best:	b	agát. 5. oldal
{A} száz nap laktan

Alternatives:
a	5613802.342484941	oldal
GAZDASÁG
{Y} magyar tőke is 
b	1.0001848834420954	oldal
GAZDASÁG
{A} magyar tőke is 
Best:	b	oldal
GAZDASÁG
{A} magyar tőke is 

Alternatives:
a	1.0896462977848873	őt a befektetők{,} nemcsak a külfö
b	13.83586239752797	őt a befektetők{.} nemcsak a külfö
Best:	a	őt a befektetők{,} nemcsak a külfö

Alternatives:
a	41633907.635428146	oldal
TÁRSALGÓ
{Y}z építőipar lehe
b	1.0035358058266877	oldal
TÁRSALGÓ
{A}z építőipar lehe
Best:	b	oldal
TÁRSALGÓ
{A}z építőipar lehe

Alternatives:
a	9999999999999.994	. Ny-Magyaro. K{}Magyaro.
kissé f
b	118.41472474827917	. Ny-Magyaro. K{-}Magyaro.
kissé f
Best:	b	. Ny-Magyaro. K{-}Magyaro.
kissé f

Alternatives:
a	6732854.519770871	 felhős változó{
}kissé felhős kis
b	1.0032365018180938	 felhős változó{ }kissé felhős kis
Best:	b	 felhős változó{ }kissé felhős kis

Alternatives:
a	49.482747455640165	ssé felhős
MTV {A}t.: elmarad a Ba
b	1.3708302831802297	ssé felhős
MTV {R}t.: elmarad a Ba
c	155886.1167922797	ssé felhős
MTV {Y}t.: elmarad a Ba
Best:	b	ssé felhős
MTV {R}t.: elmarad a Ba

Alternatives:
a	3.253182523645023	2., álláspont a{ 11}. oldalon
Baló G
b	280.5087565220103	2., álláspont a{ll}. oldalon
Baló G
c	1200.0384779121828	2., álláspont a{ii}. oldalon
Baló G
d	1257735.4201578996	2., álláspont a{ü}. oldalon
Baló G
e	302962935.6126425	2., álláspont a{u}. oldalon
Baló G
f	21261.081901880953	2., álláspont a{ű}. oldalon
Baló G
g	276408.4956665295	2., álláspont a{11}. oldalon
Baló G
Best:	a	2., álláspont a{ 11}. oldalon
Baló G

Alternatives:
a	43859.0747972688	: Móricz Simon
{A}M: jelentősen cs
b	23.011692826268344	: Móricz Simon
{P}M: jelentősen cs
c	36207.825995817264	: Móricz Simon
{Y}M: jelentősen cs
Best:	b	: Móricz Simon
{P}M: jelentősen cs

Alternatives:
a	5053277.887179853	vehető igénybe
{Y} személyi jövede
b	1.000047448668443	vehető igénybe
{A} személyi jövede
Best:	b	vehető igénybe
{A} személyi jövede

Alternatives:
a	38657064.54041484	stanulmányból. {Y}z egy, illetve t
b	1.5248041614859225	stanulmányból. {A}z egy, illetve t
Best:	b	stanulmányból. {A}z egy, illetve t

Alternatives:
a	3520876.5084301988	s még nagyobb. {Y} háromgyermekes 
b	1.0003924891179636	s még nagyobb. {A} háromgyermekes 
Best:	b	s még nagyobb. {A} háromgyermekes 

Alternatives:
aa	457.48359930238666	resetét (havi 1{.}3{1}796 forint) péld
ab	120.03394746678971	resetét (havi 1{.}3{0}796 forint) péld
ac	639020.1441400786	resetét (havi 1{.}3{I}796 forint) péld
ad	3113.4329020501364	resetét (havi 1{.}3{l}796 forint) péld
ae	58.90306014108081	resetét (havi 1{.}3{/}796 forint) péld
ba	140.65109480855477	resetét (havi 1{}3{1}796 forint) péld
bb	390.42013043051554	resetét (havi 1{}3{0}796 forint) péld
bc	333065.41001883784	resetét (havi 1{}3{I}796 forint) péld
bd	15716.080629867784	resetét (havi 1{}3{l}796 forint) péld
be	17.165304201505847	resetét (havi 1{}3{/}796 forint) péld
Best:	be	resetét (havi 1{}3{/}796 forint) péld

Alternatives:
a	5209097.479646199	H-összeállítás {I} Nagy Ildikó
A f
b	1529849.4856093207	H-összeállítás {/} Nagy Ildikó
A f
c	2512.541223830614	H-összeállítás {l} Nagy Ildikó
A f
d	16845.38471146297	H-összeállítás {1} Nagy Ildikó
A f
Best:	c	H-összeállítás {l} Nagy Ildikó
A f

Alternatives:
a	1.1717097621141472	őbb adó- és adó{ }jellegű bevétele
b	1.000000596046803	őbb adó- és adó{}jellegű bevétele
Best:	b	őbb adó- és adó{}jellegű bevétele

Alternatives:
a	2.6857192052245367	00 forintos) 12{,}5 százalékkal em
b	18.585298098387902	00 forintos) 12{.}5 százalékkal em
Best:	a	00 forintos) 12{,}5 százalékkal em

Alternatives:
a	206815131.40427196	ését eredményez{.}i.
Az adójóváírá
b	1.0617796278395453	ését eredményez{}i.
Az adójóváírá
Best:	b	ését eredményez{}i.
Az adójóváírá

Alternatives:
a	1.2800697557017628	l 108 ezerre nő{,} havi bruttó 162
b	3249.14650729741	l 108 ezerre nő{.} havi bruttó 162
Best:	a	l 108 ezerre nő{,} havi bruttó 162

Alternatives:
a	1.0	adózik.
A jöved{e}lemsávonkénti tá
b	122184361.25018501	adózik.
A jöved{c}lemsávonkénti tá
c	107628641.04653734	adózik.
A jöved{é}lemsávonkénti tá
d	620405911.2075967	adózik.
A jöved{õ}lemsávonkénti tá
e	48118112.4077995	adózik.
A jöved{ő}lemsávonkénti tá
f	620405911.2075967	adózik.
A jöved{ô}lemsávonkénti tá
g	51689894.06070933	adózik.
A jöved{ó}lemsávonkénti tá
h	3162583.146699734	adózik.
A jöved{ö}lemsávonkénti tá
i	3165656.314733267	adózik.
A jöved{o}lemsávonkénti tá
j	2732775096.5831404	adózik.
A jöved{cz}lemsávonkénti tá
Best:	a	adózik.
A jöved{e}lemsávonkénti tá

Alternatives:
a	27.47976583602625	ténél jövőre az{.} szja-terhelés (
b	1.0000001192093038	ténél jövőre az{} szja-terhelés (
Best:	b	ténél jövőre az{} szja-terhelés (

Alternatives:
a	3.007377475419575	gygyermekesé 18{,}5 százalékra, a 
b	19.473018581194502	gygyermekesé 18{.}5 százalékra, a 
Best:	a	gygyermekesé 18{,}5 százalékra, a 

Alternatives:
a	15130817.825213429	aládi adókedvez{.}mény jövőre is v
b	1.0	aládi adókedvez{}mény jövőre is v
Best:	b	aládi adókedvez{}mény jövőre is v

Alternatives:
a	61264.19089540425	 után pedig tíz{-}ezer forint.
Fol
b	1.0000064373430748	 után pedig tíz{}ezer forint.
Fol
Best:	b	 után pedig tíz{}ezer forint.
Fol

Alternatives:
aa	275086.9278857278	a 13. oldalon
W{^son■}kó{o}os fiát az erdőb
ab	123090.7445228654	a 13. oldalon
W{^son■}kó{r}os fiát az erdőb
ac	1519528.3043949106	a 13. oldalon
W{^son■}kó{é}os fiát az erdőb
ad	29819416.00481707	a 13. oldalon
W{^son■}kó{õ}os fiát az erdőb
ae	286074.9306567949	a 13. oldalon
W{^son■}kó{e}os fiát az erdőb
af	3999563.9281885847	a 13. oldalon
W{^son■}kó{ő}os fiát az erdőb
ag	29819416.00481707	a 13. oldalon
W{^son■}kó{ô}os fiát az erdőb
ah	1283360.9111957876	a 13. oldalon
W{^son■}kó{ó}os fiát az erdőb
ai	261988.6177565573	a 13. oldalon
W{^son■}kó{c}os fiát az erdőb
aj	2210348.0446020197	a 13. oldalon
W{^son■}kó{ö}os fiát az erdőb
ba	185.52321517638384	a 13. oldalon
W{ilson-}kó{o}os fiát az erdőb
bb	1.6361311865386259	a 13. oldalon
W{ilson-}kó{r}os fiát az erdőb
bc	162.7426381650081	a 13. oldalon
W{ilson-}kó{é}os fiát az erdőb
bd	3225.6571643638376	a 13. oldalon
W{ilson-}kó{õ}os fiát az erdőb
be	108.28192297652909	a 13. oldalon
W{ilson-}kó{e}os fiát az erdőb
bf	3883.178072365215	a 13. oldalon
W{ilson-}kó{ő}os fiát az erdőb
bg	3225.6571643638376	a 13. oldalon
W{ilson-}kó{ô}os fiát az erdőb
bh	142.13075514004854	a 13. oldalon
W{ilson-}kó{ó}os fiát az erdőb
bi	10.662745268102553	a 13. oldalon
W{ilson-}kó{c}os fiát az erdőb
bj	361.09864754502127	a 13. oldalon
W{ilson-}kó{ö}os fiát az erdőb
Best:	bb	a 13. oldalon
W{ilson-}kó{r}os fiát az erdőb

Alternatives:
a	1.074117407550894	 Biczó Henriett{ }Csajka Antalt öt
b	10.373144029155961	 Biczó Henriett{
}Csajka Antalt öt
Best:	a	 Biczó Henriett{ }Csajka Antalt öt

Alternatives:
a	1.000000238418636	 budapesti nagy{}követségén lehet
b	1.0000165108916002	 budapesti nagy{ }követségén lehet
Best:	a	 budapesti nagy{}követségén lehet

Alternatives:
a	1.1645518066356269	íván benyújtani{,} időpontot kell 
b	105.10546312533346	íván benyújtani{.} időpontot kell 
Best:	a	íván benyújtani{,} időpontot kell 

Alternatives:
a	66.32127809719637	záma: 06-90-507{}507.) Azaz mától
b	9.926726797990737	záma: 06-90-507{-}507.) Azaz mától
Best:	b	záma: 06-90-507{-}507.) Azaz mától

Alternatives:
a	9999999999999.994	Államok már köz{.}ölte a feltétele
b	1.0000311145926606	Államok már köz{}ölte a feltétele
Best:	b	Államok már köz{}ölte a feltétele

Alternatives:
a	1.9192074788827453	feltételeket az{.} ENSZ Biztonság 
b	1.0000001192093038	feltételeket az{} ENSZ Biztonság 
Best:	b	feltételeket az{} ENSZ Biztonság 

Alternatives:
a	38.83162137317046	ácsának „kemény{”} határozata fogj
b	3162277.6601683786	ácsának „kemény{"} határozata fogj
Best:	a	ácsának „kemény{”} határozata fogj

Alternatives:
aa	2.679077700284402	cskozása után P{e}ter Hain{,} az európai ügye
ab	4.48066696046607	cskozása után P{e}ter Hain{.} az európai ügye
ba	3.4887590839616003	cskozása után P{é}ter Hain{,} az európai ügye
bb	5.874148149982818	cskozása után P{é}ter Hain{.} az európai ügye
ca	64.30266417991986	cskozása után P{õ}ter Hain{,} az európai ügye
cb	125.90900078369212	cskozása után P{õ}ter Hain{.} az európai ügye
da	13.813855416532778	cskozása után P{ő}ter Hain{,} az európai ügye
db	26.549058355807922	cskozása után P{ő}ter Hain{.} az európai ügye
ea	64.30266417991986	cskozása után P{ô}ter Hain{,} az európai ügye
eb	125.90900078369212	cskozása után P{ô}ter Hain{.} az európai ügye
fa	8.991010631924317	cskozása után P{ó}ter Hain{,} az európai ügye
fb	15.075234417995176	cskozása után P{ó}ter Hain{.} az európai ügye
ga	71.04935799303568	cskozása után P{c}ter Hain{,} az európai ügye
gb	156.2293657944842	cskozása után P{c}ter Hain{.} az európai ügye
ha	15.43105896758628	cskozása után P{ö}ter Hain{,} az európai ügye
hb	26.823595535937617	cskozása után P{ö}ter Hain{.} az európai ügye
ia	7.841543714249588	cskozása után P{o}ter Hain{,} az európai ügye
ib	13.659997076157243	cskozása után P{o}ter Hain{.} az európai ügye
Best:	aa	cskozása után P{e}ter Hain{,} az európai ügye

Alternatives:
a	168201265.01530632	 szükség. A fra{f}cia, a belga és 
b	91.66604558889888	 szükség. A fra{ri}cia, a belga és 
c	1.0000444083712714	 szükség. A fra{n}cia, a belga és 
Best:	c	 szükség. A fra{n}cia, a belga és 

Alternatives:
a	1.0337675269680484	tanulmányozását{,} a másik nap Fra
b	557.9198052442142	tanulmányozását{.} a másik nap Fra
Best:	a	tanulmányozását{,} a másik nap Fra

Alternatives:
a	301381983.4862204	egírta, hogy Sz{.}addám Húszéin má
b	1.0006196760197785	egírta, hogy Sz{}addám Húszéin má
Best:	b	egírta, hogy Sz{}addám Húszéin má

Alternatives:
a	7924.994496788227	, a civilek les{aivazák}k
Kudarcba fulla
b	1.0501923242102054	, a civilek les{zavaztá}k
Kudarcba fulla
Best:	b	, a civilek les{zavaztá}k
Kudarcba fulla

Alternatives:
a	1.0002423787362635	 ajánlotta Baló{ }Györgyöt megvála
b	2777.141445092746	 ajánlotta Baló{
}Györgyöt megvála
Best:	a	 ajánlotta Baló{ }Györgyöt megvála

Alternatives:
a	769704.3734868014	egválasztani. A{a} első körben még
b	1.0000001192093109	egválasztani. A{z} első körben még
Best:	b	egválasztani. A{z} első körben még

Alternatives:
a	22.169384202740208	ia szociológus:{ }Mélységesen felh
b	7.650419336034228	ia szociológus:{
}Mélységesen felh
Best:	b	ia szociológus:{
}Mélységesen felh

Alternatives:
a	8233404.512143278	en teljesen nyi{i}vánvaló, itt szá
b	1.0000002384186644	en teljesen nyi{l}vánvaló, itt szá
c	5542756.350650503	en teljesen nyi{I}vánvaló, itt szá
d	21255882.631867528	en teljesen nyi{1}vánvaló, itt szá
e	7949908.328099324	en teljesen nyi{/}vánvaló, itt szá
f	5471823.999861522	en teljesen nyi{í}vánvaló, itt szá
Best:	b	en teljesen nyi{l}vánvaló, itt szá

Alternatives:
a	71276212.1129456	ököt választani{ }, senkinek sem j
b	1.1350576759781874	ököt választani{}, senkinek sem j
Best:	b	ököt választani{}, senkinek sem j

Alternatives:
a	19.53299897058578	tja a vizet".
T{o}kéczki László po
b	3.9934322762731944	tja a vizet".
T{ő}kéczki László po
c	841.1953948326382	tja a vizet".
T{é}kéczki László po
d	10758002.132854458	tja a vizet".
T{õ}kéczki László po
e	149.55119872463945	tja a vizet".
T{e}kéczki László po
f	10758002.132854458	tja a vizet".
T{ô}kéczki László po
g	198.6491739204528	tja a vizet".
T{ó}kéczki László po
h	37022971.821757056	tja a vizet".
T{c}kéczki László po
i	19.56402500067363	tja a vizet".
T{ö}kéczki László po
j	250593.45961565903	tja a vizet".
T{o'}kéczki László po
k	13248577.108839266	tja a vizet".
T{ó'}kéczki László po
l	19.56402500067363	tja a vizet".
T{ö}kéczki László po
m	198.6491739204528	tja a vizet".
T{ó}kéczki László po
n	3084904800.283461	tja a vizet".
T{6}kéczki László po
Best:	b	tja a vizet".
T{ő}kéczki László po

Alternatives:
a	99.00454987677409	tein Imrének, K{o}sa Somogyi Györg
b	503879.76066048833	tein Imrének, K{ó-}sa Somogyi Györg
c	35.57851503559284	tein Imrének, K{é}sa Somogyi Györg
d	387093108.23359865	tein Imrének, K{õ}sa Somogyi Györg
e	97.83082534258877	tein Imrének, K{e}sa Somogyi Györg
f	1936.5265697784994	tein Imrének, K{ő}sa Somogyi Györg
g	387093108.23359865	tein Imrének, K{ô}sa Somogyi Györg
h	1.613597799710847	tein Imrének, K{ó}sa Somogyi Györg
i	4480.283935624487	tein Imrének, K{c}sa Somogyi Györg
j	161683.1648080104	tein Imrének, K{ö}sa Somogyi Györg
Best:	h	tein Imrének, K{ó}sa Somogyi Györg

Alternatives:
a	1.0088434322486821	egyében Balóhoz{,} vándorolt a szü
b	1.0	egyében Balóhoz{} vándorolt a szü
Best:	b	egyében Balóhoz{} vándorolt a szü

Alternatives:
a	3337.3585935742753	i a mi emberünk{”}
Azt viszont néh
b	2951927774.721635	i a mi emberünk{"}
Azt viszont néh
Best:	a	i a mi emberünk{”}
Azt viszont néh

Alternatives:
a	1.000007033397552	 fognak elfogad{}ni, „más személy
b	410707291.4144214	 fognak elfogad{-
}ni, „más személy
Best:	a	 fognak elfogad{}ni, „más személy

Alternatives:
a	3162277.6601683786	tani a jelöltet{"} - fogalmaztak n
b	122.30580206848003	tani a jelöltet{”} - fogalmaztak n
Best:	b	tani a jelöltet{”} - fogalmaztak n

Alternatives:
a	18.796982401138305	ik irányban sem{”}.
A történtek ér
b	498059158.0502341	ik irányban sem{"}.
A történtek ér
Best:	a	ik irányban sem{”}.
A történtek ér

Alternatives:
a	18019984.051502094	olvasásra.)
Koz{.}ák Márton elnöks
b	1.0030664369155742	olvasásra.)
Koz{}ák Márton elnöks
Best:	b	olvasásra.)
Koz{}ák Márton elnöks

Alternatives:
a	1.027265399690683	 miatt
Fotó: Sz{i}getváry Zsolt
ze
b	421047.2457719184	 miatt
Fotó: Sz{í}getváry Zsolt
ze
Best:	a	 miatt
Fotó: Sz{i}getváry Zsolt
ze

Alternatives:
a	2.9563854661784457	 Miklós (SZDSZ){.} Sasvári Szilárd
b	1.1165507967250239	 Miklós (SZDSZ){,} Sasvári Szilárd
Best:	b	 Miklós (SZDSZ){,} Sasvári Szilárd

Alternatives:
a	1.0000005960469807	szavazásáig nem{ }akartak elnököt 
b	3723183.9165861243	szavazásáig nem{
}akartak elnököt 
Best:	a	szavazásáig nem{ }akartak elnököt 

Alternatives:
a	1.007083377563163	lehetősége lesz{,} a kísérletre, m
b	1.0000001192093038	lehetősége lesz{} a kísérletre, m
Best:	b	lehetősége lesz{} a kísérletre, m

Alternatives:
a	1.00036888854805	öki posztjára. {A} hétfői sikertel
b	10607836.674767055	öki posztjára. {Á} hétfői sikertel
c	3234468.5522527923	öki posztjára. {Y} hétfői sikertel
Best:	a	öki posztjára. {A} hétfői sikertel

Alternatives:
a	63417715.14566	idítését pályáz{.}atában Baló Györ
b	1.000000953675226	idítését pályáz{}atában Baló Györ
Best:	b	idítését pályáz{}atában Baló Györ

Alternatives:
a	1.1314056516602056	lak mögött kigo{l}yózták. Most sem
b	5597533032.00684	lak mögött kigo{i}yózták. Most sem
c	697130069.8568279	lak mögött kigo{I}yózták. Most sem
d	485218700.0458744	lak mögött kigo{1}yózták. Most sem
e	151176446562.57333	lak mögött kigo{/}yózták. Most sem
f	9999999999999.994	lak mögött kigo{í}yózták. Most sem
Best:	a	lak mögött kigo{l}yózták. Most sem

Alternatives:
a	1.1436390789554771	olt szerencséje{,} pedig közel áll
b	351.3871439103979	olt szerencséje{.} pedig közel áll
Best:	a	olt szerencséje{,} pedig közel áll

Alternatives:
aa	48.81406266837551	ila (FKGP), Cse{rn}us János (F{}desz), Gombár Jó
ab	1.1426787547029316	ila (FKGP), Cse{rn}us János (F{i}desz), Gombár Jó
ac	16.596445556368465	ila (FKGP), Cse{rn}us János (F{í}desz), Gombár Jó
ba	266.60802252190086	ila (FKGP), Cse{m}us János (F{}desz), Gombár Jó
bb	4.263782353968366	ila (FKGP), Cse{m}us János (F{i}desz), Gombár Jó
bc	75.71902287386031	ila (FKGP), Cse{m}us János (F{í}desz), Gombár Jó
ca	110.54448457140658	ila (FKGP), Cse{in}us János (F{}desz), Gombár Jó
cb	2.4085756423023597	ila (FKGP), Cse{in}us János (F{i}desz), Gombár Jó
cc	35.55038647123638	ila (FKGP), Cse{in}us János (F{í}desz), Gombár Jó
da	142.25999268919543	ila (FKGP), Cse{nn}us János (F{}desz), Gombár Jó
db	3.021419708879516	ila (FKGP), Cse{nn}us János (F{i}desz), Gombár Jó
dc	45.35318091137637	ila (FKGP), Cse{nn}us János (F{í}desz), Gombár Jó
ea	260.3425993997391	ila (FKGP), Cse{fn}us János (F{}desz), Gombár Jó
eb	5.521809390144147	ila (FKGP), Cse{fn}us János (F{i}desz), Gombár Jó
ec	82.1014991260375	ila (FKGP), Cse{fn}us János (F{í}desz), Gombár Jó
fa	127.09542453554849	ila (FKGP), Cse{jn}us János (F{}desz), Gombár Jó
fb	2.7334028301095015	ila (FKGP), Cse{jn}us János (F{i}desz), Gombár Jó
fc	41.075791991622374	ila (FKGP), Cse{jn}us János (F{í}desz), Gombár Jó
ga	150.05841149629478	ila (FKGP), Cse{ln}us János (F{}desz), Gombár Jó
gb	3.2974240758388924	ila (FKGP), Cse{ln}us János (F{i}desz), Gombár Jó
gc	49.757189736151375	ila (FKGP), Cse{ln}us János (F{í}desz), Gombár Jó
ha	1090.321766537982	ila (FKGP), Cse{íví}us János (F{}desz), Gombár Jó
hb	27.329185227222947	ila (FKGP), Cse{íví}us János (F{i}desz), Gombár Jó
hc	338.04598914103724	ila (FKGP), Cse{íví}us János (F{í}desz), Gombár Jó
ia	210.79947709355187	ila (FKGP), Cse{ivi}us János (F{}desz), Gombár Jó
ib	5.517874274357667	ila (FKGP), Cse{ivi}us János (F{i}desz), Gombár Jó
ic	67.29323380796119	ila (FKGP), Cse{ivi}us János (F{í}desz), Gombár Jó
Best:	ab	ila (FKGP), Cse{rn}us János (F{i}desz), Gombár Jó

Alternatives:
a	1.0002049034517755	svári Szilárd ({Fi}desz), Tátrai Es
b	910.068093511078	svári Szilárd ({A}desz), Tátrai Es
c	29985273.843807988	svári Szilárd ({Y}desz), Tátrai Es
Best:	a	svári Szilárd ({Fi}desz), Tátrai Es

Alternatives:
a	1.0005484319749467	Tátrai Eszter ({Fi}desz).
Társadalm
b	1272.9274479233381	Tátrai Eszter ({A}desz).
Társadalm
c	20629824.19726589	Tátrai Eszter ({Y}desz).
Társadalm
Best:	a	Tátrai Eszter ({Fi}desz).
Társadalm

Alternatives:
a	91514.12028924719	galma: Hanti Vi{i}mos
Görgey Kör: 
b	1.0085687759959507	galma: Hanti Vi{l}mos
Görgey Kör: 
c	14097720.551080663	galma: Hanti Vi{I}mos
Görgey Kör: 
d	213128415.20555446	galma: Hanti Vi{1}mos
Görgey Kör: 
e	28442599.20220553	galma: Hanti Vi{/}mos
Görgey Kör: 
f	192869014.5123233	galma: Hanti Vi{í}mos
Görgey Kör: 
Best:	b	galma: Hanti Vi{l}mos
Görgey Kör: 

Alternatives:
a	9397788.206639422	e
Magyar Nők Vi{i}ágfóruma: Ékes I
b	1.000414748581734	e
Magyar Nők Vi{l}ágfóruma: Ékes I
c	30073061.241766803	e
Magyar Nők Vi{I}ágfóruma: Ékes I
d	1138028471.4627116	e
Magyar Nők Vi{1}ágfóruma: Ékes I
e	4790604.938371799	e
Magyar Nők Vi{/}ágfóruma: Ékes I
f	94052762696.82599	e
Magyar Nők Vi{í}ágfóruma: Ékes I
Best:	b	e
Magyar Nők Vi{l}ágfóruma: Ékes I

Alternatives:
aa	203.92164020676387	gfóruma: Ékes I{I}ona
Országos If{}úsági Telekommun
ab	10.939868864231642	gfóruma: Ékes I{I}ona
Országos If{j}úsági Telekommun
ba	23.78886610289402	gfóruma: Ékes I{l}ona
Országos If{}úsági Telekommun
bb	1.3301060061253758	gfóruma: Ékes I{l}ona
Országos If{j}úsági Telekommun
ca	293.5993902833016	gfóruma: Ékes I{1}ona
Országos If{}úsági Telekommun
cb	12.803561696405872	gfóruma: Ékes I{1}ona
Országos If{j}úsági Telekommun
da	231.43129668040885	gfóruma: Ékes I{/}ona
Országos If{}úsági Telekommun
db	10.49798421213427	gfóruma: Ékes I{/}ona
Országos If{j}úsági Telekommun
Best:	bb	gfóruma: Ékes I{l}ona
Országos If{j}úsági Telekommun

Alternatives:
a	10387793.193208363	ank Dénes
Nyugd{i}jasklubok és Idő
b	9999999999999.994	ank Dénes
Nyugd{l}jasklubok és Idő
c	259924704168.3774	ank Dénes
Nyugd{I}jasklubok és Idő
d	9999999999999.994	ank Dénes
Nyugd{1}jasklubok és Idő
e	69420406.41441354	ank Dénes
Nyugd{/}jasklubok és Idő
f	1.0	ank Dénes
Nyugd{í}jasklubok és Idő
Best:	f	ank Dénes
Nyugd{í}jasklubok és Idő

Alternatives:
a	17.44300458926732	 Krizsán Sándor{
}Asztmás és Aller
b	1.084464581013512	 Krizsán Sándor{ }Asztmás és Aller
Best:	b	 Krizsán Sándor{ }Asztmás és Aller

Alternatives:
aa	4.466233118243822	Magyar Szabadst{í}lus{é} BMX Szövetség: 
ab	1.2890988612182184	Magyar Szabadst{í}lus{ú} BMX Szövetség: 
ac	461.31658398252	Magyar Szabadst{í}lus{õ} BMX Szövetség: 
ad	22.344342144749096	Magyar Szabadst{í}lus{e} BMX Szövetség: 
ae	1020.5201835019807	Magyar Szabadst{í}lus{ő} BMX Szövetség: 
af	461.31658398252	Magyar Szabadst{í}lus{ô} BMX Szövetség: 
ag	20.65641642332739	Magyar Szabadst{í}lus{ó} BMX Szövetség: 
ah	261.01166176210796	Magyar Szabadst{í}lus{c} BMX Szövetség: 
ai	239.94516056600662	Magyar Szabadst{í}lus{ö} BMX Szövetség: 
aj	6.724699013757103	Magyar Szabadst{í}lus{o} BMX Szövetség: 
ba	23.237922357884223	Magyar Szabadst{i}lus{é} BMX Szövetség: 
bb	83.71969483184974	Magyar Szabadst{i}lus{ú} BMX Szövetség: 
bc	498.2914894977957	Magyar Szabadst{i}lus{õ} BMX Szövetség: 
bd	11.464132305142725	Magyar Szabadst{i}lus{e} BMX Szövetség: 
be	3233.1557732900637	Magyar Szabadst{i}lus{ő} BMX Szövetség: 
bf	498.2914894977957	Magyar Szabadst{i}lus{ô} BMX Szövetség: 
bg	88.83796501849149	Magyar Szabadst{i}lus{ó} BMX Szövetség: 
bh	23.37892680885594	Magyar Szabadst{i}lus{c} BMX Szövetség: 
bi	96.754695050801	Magyar Szabadst{i}lus{ö} BMX Szövetség: 
bj	20.42140126619074	Magyar Szabadst{i}lus{o} BMX Szövetség: 
Best:	ab	Magyar Szabadst{í}lus{ú} BMX Szövetség: 

Alternatives:
a	274.3955185857587	etnek részt. Az{.} elnökség jelölt
b	1.0	etnek részt. Az{} elnökség jelölt
Best:	b	etnek részt. Az{} elnökség jelölt

Alternatives:
a	1.3868791654670392	újságíróktól ké{rn}ek tanácsot vagy
b	83.01066803581634	újságíróktól ké{m}ek tanácsot vagy
c	790.4501905182184	újságíróktól ké{in}ek tanácsot vagy
d	14.098881271232845	újságíróktól ké{nn}ek tanácsot vagy
e	71332.87772718823	újságíróktól ké{fn}ek tanácsot vagy
f	2704.7003594916437	újságíróktól ké{jn}ek tanácsot vagy
g	78.08789413262252	újságíróktól ké{ln}ek tanácsot vagy
h	817119.6590105579	újságíróktól ké{íví}ek tanácsot vagy
i	9284.311229257639	újságíróktól ké{ivi}ek tanácsot vagy
Best:	a	újságíróktól ké{rn}ek tanácsot vagy

Alternatives:
a	6053650530.913408	éseknél. Többsz{.}ör előfordult, h
b	1.0000019073522708	éseknél. Többsz{}ör előfordult, h
Best:	b	éseknél. Többsz{}ör előfordult, h

Alternatives:
a	96.8361476063923	ívást jelenthet{”}. Igaz, a megvál
b	3162416.7723376164	ívást jelenthet{"}. Igaz, a megvál
Best:	a	ívást jelenthet{”}. Igaz, a megvál

Alternatives:
a	278407768.1609264	es és nívós köz{n}évét teremtsen. 
b	1.0037560916155523	es és nívós köz{t}évét teremtsen. 
c	30690447.69824594	es és nívós köz{f}évét teremtsen. 
d	12662.857376216658	es és nívós köz{ri}évét teremtsen. 
Best:	b	es és nívós köz{t}évét teremtsen. 

Alternatives:
a	1.0000001788139823	y-verzet-ellenő{r}zésének felújítá
b	14530650.3577123	y-verzet-ellenő{i}zésének felújítá
c	9999999999999.994	y-verzet-ellenő{í}zésének felújítá
Best:	a	y-verzet-ellenő{r}zésének felújítá

Alternatives:
a	534.906275078785	 de a háromszáz{ ■} újságíró egyelő
b	1.000024676931873	 de a háromszáz{} újságíró egyelő
Best:	b	 de a háromszáz{} újságíró egyelő

Alternatives:
a	3.0702723159413563	ia Ügynökség (N{}AÜ) székhelyén. 
b	27.17102849450027	ia Ügynökség (N{ }AÜ) székhelyén. 
Best:	a	ia Ügynökség (N{}AÜ) székhelyén. 

Alternatives:
aa	1.960007087305649	 a NAÜ vezetője{,} Hans Blix{,} az UNMOVIC, a f
ab	7.402913824141383	 a NAÜ vezetője{,} Hans Blix{.} az UNMOVIC, a f
ba	2.1372224335813352	 a NAÜ vezetője{.} Hans Blix{,} az UNMOVIC, a f
bb	9.877504283210701	 a NAÜ vezetője{.} Hans Blix{.} az UNMOVIC, a f
Best:	aa	 a NAÜ vezetője{,} Hans Blix{,} az UNMOVIC, a f

Alternatives:
a	1.0671407600430047	, aki azt kérte{,} ne kövessék egy
b	213605.10892208412	, aki azt kérte{.} ne kövessék egy
Best:	a	, aki azt kérte{,} ne kövessék egy

Alternatives:
a	1.0000214581325606	ns Blix, a fegy{}verzetellenőrök 
b	181.5873843342063	ns Blix, a fegy{ }verzetellenőrök 
Best:	a	ns Blix, a fegy{}verzetellenőrök 

Alternatives:
a	1.4840449627686756	zetet támogatná{,} úgy ez lovat ad
b	46043.69361677724	zetet támogatná{.} úgy ez lovat ad
Best:	a	zetet támogatná{,} úgy ez lovat ad

Alternatives:
a	1.0411657645747199	yait idézte fel{,} elsősorban a nu
b	968.3962404911664	yait idézte fel{.} elsősorban a nu
Best:	a	yait idézte fel{,} elsősorban a nu

Alternatives:
a	70055703.03792275	SZ hitele a tét{"}. BBC
galmazása 
b	4202.980726417624	SZ hitele a tét{”}. BBC
galmazása 
Best:	b	SZ hitele a tét{”}. BBC
galmazása 

Alternatives:
a	1.5245001742055422	külügyminiszter{,} Dominique de Vi
b	2.238093669814234	külügyminiszter{.} Dominique de Vi
Best:	a	külügyminiszter{,} Dominique de Vi

Alternatives:
a	1.290098462896415	ű NATO-tagállam{,} Törökország győ
b	3.0460988782415197	ű NATO-tagállam{.} Törökország győ
Best:	a	ű NATO-tagállam{,} Törökország győ

Alternatives:
a	3.2163044328176738	ítás
Peter Hain{,} az európai ügye
b	33.61479368148324	ítás
Peter Hain{.} az európai ügye
Best:	a	ítás
Peter Hain{,} az európai ügye

Alternatives:
a	3555497.6865979936	an hangsúlyozta{.} hogy a nemzetkö
b	1.0000233062144377	an hangsúlyozta{,} hogy a nemzetkö
Best:	b	an hangsúlyozta{,} hogy a nemzetkö

Alternatives:
a	1.0006528622244188	kikényszerítése{,} hanem csakis a 
b	3171172.4978130828	kikényszerítése{.} hanem csakis a 
Best:	a	kikényszerítése{,} hanem csakis a 

Alternatives:
a	10.094825808618298	teljes mér-
Ari{el} Sáron Moszkvában puha
b	66.52977610940276	teljes mér-
Ari{éi} Sáron Moszkvában puha
Best:	a	teljes mér-
Ari{el} Sáron Moszkvában puha

Alternatives:
a	1.1769811780564527	e ki tegnap Ari{el} Sáron izraeli k
b	110.03087227193494	e ki tegnap Ari{éi} Sáron izraeli k
Best:	a	e ki tegnap Ari{el} Sáron izraeli k

Alternatives:
a	1.0003941600180857	haza Teheránból{,} de a reformok i
b	1640375.1764692802	haza Teheránból{.} de a reformok i
Best:	a	haza Teheránból{,} de a reformok i

Alternatives:
a	631.2125693208022	a parancsot?
Az{.} illetékes paran
b	1.0	a parancsot?
Az{} illetékes paran
Best:	b	a parancsot?
Az{} illetékes paran

Alternatives:
a	1.0003678308432011	Washington Post{, hozzátéve,} hogy ez ugyaníg
b	61.660754803736765	Washington Post{. hozzátéve.} hogy ez ugyaníg
Best:	a	Washington Post{, hozzátéve,} hogy ez ugyaníg

Alternatives:
a	1.0015488713044707	k Washingtonnal{,} de a BBC szerin
b	26755.318729926552	k Washingtonnal{.} de a BBC szerin
Best:	a	k Washingtonnal{,} de a BBC szerin

Alternatives:
a	1.000000039736433	üntetése
felszó{lí}totta a kormányt
b	1219327631.0163121	üntetése
felszó{h'}totta a kormányt
Best:	a	üntetése
felszó{lí}totta a kormányt

Alternatives:
a	1.0091599189062812	lnök adhatja ki{,} s ezt most „meg
b	1537.245749394012	lnök adhatja ki{.} s ezt most „meg
Best:	a	lnök adhatja ki{,} s ezt most „meg

Alternatives:
a	3162794.239557234	 „megelőlegezte{"}, mivel pontosan
b	156.89736324183258	 „megelőlegezte{”}, mivel pontosan
Best:	b	 „megelőlegezte{”}, mivel pontosan

Alternatives:
a	1.0001277869853655	r Washingtontól{,} hogy háborús bű
b	3506833.2490429715	r Washingtontól{.} hogy háborús bű
Best:	a	r Washingtontól{,} hogy háborús bű

Alternatives:
a	7.039035553528718	 állampolgárait{;} végül kikötné, 
b	3.899710579037516	 állampolgárait{:} végül kikötné, 
Best:	b	 állampolgárait{:} végül kikötné, 

Alternatives:
a	3354172250.288428	európai állam p{^v}lgárai hasonló v
b	1.0001209894229253	európai állam p{o}lgárai hasonló v
c	3164254.2842946425	európai állam p{é}lgárai hasonló v
d	3162343.820983887	európai állam p{õ}lgárai hasonló v
e	5326.2385727029605	európai állam p{e}lgárai hasonló v
f	3210688.864893504	európai állam p{ő}lgárai hasonló v
g	3162343.820983887	európai állam p{ô}lgárai hasonló v
h	3183618.837120596	európai állam p{ó}lgárai hasonló v
i	391733489709.09625	európai állam p{c}lgárai hasonló v
j	1702926.9843470547	európai állam p{ö}lgárai hasonló v
Best:	b	európai állam p{o}lgárai hasonló v

Alternatives:
a	11.463377425065932	ezését. Reuters{}MTI
Levelet vitt
b	28.08832543227223	ezését. Reuters{/}MTI
Levelet vitt
c	12439226.622440277	ezését. Reuters{I}MTI
Levelet vitt
d	19568.15089675156	ezését. Reuters{l}MTI
Levelet vitt
e	18195181.860409867	ezését. Reuters{1}MTI
Levelet vitt
Best:	a	ezését. Reuters{}MTI
Levelet vitt

Alternatives:
a	766382836512.987	rikai hetilap s{^^}rint a posta mun
b	1.000000039736433	rikai hetilap s{ze}rint a posta mun
Best:	b	rikai hetilap s{ze}rint a posta mun

Alternatives:
a	3162277.6601683786	él felnyitására{"} - érvelt a hiva
b	42.41820357197241	él felnyitására{”} - érvelt a hiva
Best:	b	él felnyitására{”} - érvelt a hiva

Alternatives:
a	50.041887247840144	rvelt a hivatal{,} A posta a többi
b	1.1464222678759317	rvelt a hivatal{.} A posta a többi
Best:	b	rvelt a hivatal{.} A posta a többi

Alternatives:
a	1.5906776324882943	en. Aidán White{,} az IFJ főtitkár
b	8.159836800832563	en. Aidán White{.} az IFJ főtitkár
Best:	a	en. Aidán White{,} az IFJ főtitkár

Alternatives:
a	478.528925636347	érfoltos évének{”} minősítette 200
b	3162277.6601683786	érfoltos évének{"} minősítette 200
Best:	a	érfoltos évének{”} minősítette 200

Alternatives:
a	1.1511236767519757	sítette 2002-t.{ }A világ legnagyo
b	2.0232819435164866	sítette 2002-t.{
}A világ legnagyo
Best:	a	sítette 2002-t.{ }A világ legnagyo

Alternatives:
a	3.2369337471372805	nica és Mirolju{b} Labus küzd meg 
b	8.188138051468353	nica és Mirolju{h} Labus küzd meg 
c	311.1609786104543	nica és Mirolju{lc} Labus küzd meg 
d	596.4932038173615	nica és Mirolju{lr} Labus küzd meg 
e	5.792203178257262	nica és Mirolju{ic} Labus küzd meg 
f	2.6206373334756785	nica és Mirolju{k} Labus küzd meg 
g	7.965436292704728	nica és Mirolju{lt} Labus küzd meg 
h	4.181859496449425	nica és Mirolju{li} Labus küzd meg 
i	2.6206373334756785	nica és Mirolju{k} Labus küzd meg 
j	311.1609786104543	nica és Mirolju{lc} Labus küzd meg 
k	5.177184844804987	nica és Mirolju{le} Labus küzd meg 
l	4.471644798814016	nica és Mirolju{lo} Labus küzd meg 
Best:	f	nica és Mirolju{k} Labus küzd meg 

Alternatives:
a	286.84668825299116	szerezte meg az{.} abszolút többsé
b	1.0	szerezte meg az{} abszolút többsé
Best:	b	szerezte meg az{} abszolút többsé

Alternatives:
a	1.198914050957944	dhatja magáénak{,} Labus pedig 27,
b	2.4323463696106877	dhatja magáénak{.} Labus pedig 27,
Best:	a	dhatja magáénak{,} Labus pedig 27,

Alternatives:
a	1622521643.9966207	, amikor rendsz{.}erint 10-15 száz
b	1.0	, amikor rendsz{}erint 10-15 száz
Best:	b	, amikor rendsz{}erint 10-15 száz

Alternatives:
a	1.045647089919389	s megismétlését{,} a politikai vál
b	532.7605761849067	s megismétlését{.} a politikai vál
Best:	a	s megismétlését{,} a politikai vál

Alternatives:
a	25802.394176222286	rmadik helyet, {. }azaz a 21 százal
b	1.0	rmadik helyet, {}azaz a 21 százal
Best:	b	rmadik helyet, {}azaz a 21 százal

Alternatives:
a	1.0000002980233145	nnak köszönheti{,} hogy Slobodan M
b	3554443.412536732	nnak köszönheti{.} hogy Slobodan M
Best:	a	nnak köszönheti{,} hogy Slobodan M

Alternatives:
a	61.419446999902725	vic „találta ki{”}, és most is
Gör
b	9999999999999.994	vic „találta ki{"}, és most is
Gör
Best:	a	vic „találta ki{”}, és most is
Gör

Alternatives:
a	1.6835268199916786	ociáldemokrata-{b}alpárti koalíció
b	5.646885610783886	ociáldemokrata-{h}alpárti koalíció
c	3957928.8966876967	ociáldemokrata-{lc}alpárti koalíció
d	135209.51296797808	ociáldemokrata-{lr}alpárti koalíció
e	13661.066818380627	ociáldemokrata-{ic}alpárti koalíció
f	111.85445876528648	ociáldemokrata-{k}alpárti koalíció
g	370335.3062961732	ociáldemokrata-{lt}alpárti koalíció
h	532.6440339702651	ociáldemokrata-{li}alpárti koalíció
i	111.85445876528648	ociáldemokrata-{k}alpárti koalíció
j	3957928.8966876967	ociáldemokrata-{lc}alpárti koalíció
k	6.099608673467025	ociáldemokrata-{le}alpárti koalíció
l	2248.7493006335035	ociáldemokrata-{lo}alpárti koalíció
Best:	a	ociáldemokrata-{b}alpárti koalíció

Alternatives:
a	4048653.2983543067	álasztásokon.
M{}H-összeállítás
M
b	597.9033133135699	álasztásokon.
M{ }H-összeállítás
M
Best:	b	álasztásokon.
M{ }H-összeállítás
M

Alternatives:
a	197.95223950889306	tese, a 82 hely{i}éből 27-et elves
b	1.0046204039447775	tese, a 82 hely{}éből 27-et elves
c	66876391.07009759	tese, a 82 hely{í}éből 27-et elves
Best:	b	tese, a 82 hely{}éből 27-et elves

Alternatives:
a	19821453.147788756	tja csak 174-gy{c}l rendelkezik. A
b	1.002998856544996	tja csak 174-gy{e}l rendelkezik. A
c	1633.9181183006851	tja csak 174-gy{é}l rendelkezik. A
d	86900466.60826723	tja csak 174-gy{õ}l rendelkezik. A
e	50.45554162815753	tja csak 174-gy{ő}l rendelkezik. A
f	86900466.60826723	tja csak 174-gy{ô}l rendelkezik. A
g	50038.78143554768	tja csak 174-gy{ó}l rendelkezik. A
h	49.96467260190894	tja csak 174-gy{ö}l rendelkezik. A
i	133026.8876691448	tja csak 174-gy{o}l rendelkezik. A
j	633077692.401143	tja csak 174-gy{cz}l rendelkezik. A
Best:	b	tja csak 174-gy{e}l rendelkezik. A

Alternatives:
a	1.993782789996655	z elmaradottság{,} nagyon sűrű a h
b	1341.9000535588405	z elmaradottság{.} nagyon sűrű a h
Best:	a	z elmaradottság{,} nagyon sűrű a h

Alternatives:
a	132874299.05141732	an szeptember l{S}én választották 
b	9882460151.833294	an szeptember l{&}én választották 
Best:	a	an szeptember l{S}én választották 

Alternatives:
a	13.446942367950609	ékban.
SD 39.9%{
}C 6.2%
Baloldal 
b	5.807031868675197	ékban.
SD 39.9%{ }C 6.2%
Baloldal 
Best:	b	ékban.
SD 39.9%{ }C 6.2%
Baloldal 

Alternatives:
aaaaa	13145.192688997935	l Jobbközép
SD {&}zoc{álóeHnolk3}ták M {^r}rsékeltek
V {E}B{i}loldal Pártja Fp
aaaab	14999.440170014786	l Jobbközép
SD {&}zoc{álóeHnolk3}ták M {^r}rsékeltek
V {E}B{a}loldal Pártja Fp
aaaac	17222.686295427946	l Jobbközép
SD {&}zoc{álóeHnolk3}ták M {^r}rsékeltek
V {E}B{í}loldal Pártja Fp
aaaba	5116.224663805628	l Jobbközép
SD {&}zoc{álóeHnolk3}ták M {^r}rsékeltek
V {}B{i}loldal Pártja Fp
aaabb	3799.587228087541	l Jobbközép
SD {&}zoc{álóeHnolk3}ták M {^r}rsékeltek
V {}B{a}loldal Pártja Fp
aaabc	7651.592893810817	l Jobbközép
SD {&}zoc{álóeHnolk3}ták M {^r}rsékeltek
V {}B{í}loldal Pártja Fp
aabaa	4034.556775127772	l Jobbközép
SD {&}zoc{álóeHnolk3}ták M {Mé}rsékeltek
V {E}B{i}loldal Pártja Fp
aabab	4581.318299963568	l Jobbközép
SD {&}zoc{álóeHnolk3}ták M {Mé}rsékeltek
V {E}B{a}loldal Pártja Fp
aabac	5313.409838274359	l Jobbközép
SD {&}zoc{álóeHnolk3}ták M {Mé}rsékeltek
V {E}B{í}loldal Pártja Fp
aabba	1442.1423466486747	l Jobbközép
SD {&}zoc{álóeHnolk3}ták M {Mé}rsékeltek
V {}B{i}loldal Pártja Fp
aabbb	1084.0058225564696	l Jobbközép
SD {&}zoc{álóeHnolk3}ták M {Mé}rsékeltek
V {}B{a}loldal Pártja Fp
aabbc	2224.790273874491	l Jobbközép
SD {&}zoc{álóeHnolk3}ták M {Mé}rsékeltek
V {}B{í}loldal Pártja Fp
abaaa	466.0505466867125	l Jobbközép
SD {&}zoc{iáldemokra}ták M {^r}rsékeltek
V {E}B{i}loldal Pártja Fp
abaab	532.100670216733	l Jobbközép
SD {&}zoc{iáldemokra}ták M {^r}rsékeltek
V {E}B{a}loldal Pártja Fp
abaac	610.5269525605662	l Jobbközép
SD {&}zoc{iáldemokra}ták M {^r}rsékeltek
V {E}B{í}loldal Pártja Fp
ababa	165.76031695351006	l Jobbközép
SD {&}zoc{iáldemokra}ták M {^r}rsékeltek
V {}B{i}loldal Pártja Fp
ababb	123.15116059093754	l Jobbközép
SD {&}zoc{iáldemokra}ták M {^r}rsékeltek
V {}B{a}loldal Pártja Fp
ababc	247.91360681670884	l Jobbközép
SD {&}zoc{iáldemokra}ták M {^r}rsékeltek
V {}B{í}loldal Pártja Fp
abbaa	118.13043809327853	l Jobbközép
SD {&}zoc{iáldemokra}ták M {Mé}rsékeltek
V {E}B{i}loldal Pártja Fp
abbab	134.10986866695816	l Jobbközép
SD {&}zoc{iáldemokra}ták M {Mé}rsékeltek
V {E}B{a}loldal Pártja Fp
abbac	155.53300080096722	l Jobbközép
SD {&}zoc{iáldemokra}ták M {Mé}rsékeltek
V {E}B{í}loldal Pártja Fp
abbba	38.37691238245253	l Jobbközép
SD {&}zoc{iáldemokra}ták M {Mé}rsékeltek
V {}B{i}loldal Pártja Fp
abbbb	28.84488684578551	l Jobbközép
SD {&}zoc{iáldemokra}ták M {Mé}rsékeltek
V {}B{a}loldal Pártja Fp
abbbc	59.19916750127885	l Jobbközép
SD {&}zoc{iáldemokra}ták M {Mé}rsékeltek
V {}B{í}loldal Pártja Fp
baaaa	5492.250300407116	l Jobbközép
SD {S}zoc{álóeHnolk3}ták M {^r}rsékeltek
V {E}B{i}loldal Pártja Fp
baaab	6266.981529198276	l Jobbközép
SD {S}zoc{álóeHnolk3}ták M {^r}rsékeltek
V {E}B{a}loldal Pártja Fp
baaac	7195.885691280216	l Jobbközép
SD {S}zoc{álóeHnolk3}ták M {^r}rsékeltek
V {E}B{í}loldal Pártja Fp
baaba	2087.8018535332703	l Jobbközép
SD {S}zoc{álóeHnolk3}ták M {^r}rsékeltek
V {}B{i}loldal Pártja Fp
baabb	1550.5154247002563	l Jobbközép
SD {S}zoc{álóeHnolk3}ták M {^r}rsékeltek
V {}B{a}loldal Pártja Fp
baabc	3122.4214877025024	l Jobbközép
SD {S}zoc{álóeHnolk3}ták M {^r}rsékeltek
V {}B{í}loldal Pártja Fp
babaa	1721.9306479556876	l Jobbközép
SD {S}zoc{álóeHnolk3}ták M {Mé}rsékeltek
V {E}B{i}loldal Pártja Fp
babab	1955.2860025120565	l Jobbközép
SD {S}zoc{álóeHnolk3}ták M {Mé}rsékeltek
V {E}B{a}loldal Pártja Fp
babac	2267.7393715407875	l Jobbközép
SD {S}zoc{álóeHnolk3}ták M {Mé}rsékeltek
V {E}B{í}loldal Pártja Fp
babba	601.4975951772878	l Jobbközép
SD {S}zoc{álóeHnolk3}ták M {Mé}rsékeltek
V {}B{i}loldal Pártja Fp
babbb	452.12381214732835	l Jobbközép
SD {S}zoc{álóeHnolk3}ták M {Mé}rsékeltek
V {}B{a}loldal Pártja Fp
babbc	927.9292038120338	l Jobbközép
SD {S}zoc{álóeHnolk3}ták M {Mé}rsékeltek
V {}B{í}loldal Pártja Fp
bbaaa	134.54804288432388	l Jobbközép
SD {S}zoc{iáldemokra}ták M {^r}rsékeltek
V {E}B{i}loldal Pártja Fp
bbaab	153.61660726304123	l Jobbközép
SD {S}zoc{iáldemokra}ták M {^r}rsékeltek
V {E}B{a}loldal Pártja Fp
bbaac	176.25814877624018	l Jobbközép
SD {S}zoc{iáldemokra}ták M {^r}rsékeltek
V {E}B{í}loldal Pártja Fp
bbaba	46.27456521631021	l Jobbközép
SD {S}zoc{iáldemokra}ták M {^r}rsékeltek
V {}B{i}loldal Pártja Fp
bbabb	34.37955788795895	l Jobbközép
SD {S}zoc{iáldemokra}ták M {^r}rsékeltek
V {}B{a}loldal Pártja Fp
bbabc	69.2089311693823	l Jobbközép
SD {S}zoc{iáldemokra}ták M {^r}rsékeltek
V {}B{í}loldal Pártja Fp
bbbaa	34.915429974802194	l Jobbközép
SD {S}zoc{iáldemokra}ták M {Mé}rsékeltek
V {E}B{i}loldal Pártja Fp
bbbab	39.63841837845109	l Jobbközép
SD {S}zoc{iáldemokra}ták M {Mé}rsékeltek
V {E}B{a}loldal Pártja Fp
bbbac	45.97038397461094	l Jobbközép
SD {S}zoc{iáldemokra}ták M {Mé}rsékeltek
V {E}B{í}loldal Pártja Fp
bbbba	10.975365822579	l Jobbközép
SD {S}zoc{iáldemokra}ták M {Mé}rsékeltek
V {}B{i}loldal Pártja Fp
bbbbb	8.249313600021331	l Jobbközép
SD {S}zoc{iáldemokra}ták M {Mé}rsékeltek
V {}B{a}loldal Pártja Fp
bbbbc	16.930296873381337	l Jobbközép
SD {S}zoc{iáldemokra}ták M {Mé}rsékeltek
V {}B{í}loldal Pártja Fp
Best:	bbbbb	l Jobbközép
SD {S}zoc{iáldemokra}ták M {Mé}rsékeltek
V {}B{a}loldal Pártja Fp

Alternatives:
a	5.234515915472596	ldal Pártja Fp {L}iberálisok
Mp Zö
b	1.0187659628078938	ldal Pártja Fp {l}iberálisok
Mp Zö
c	3365927.901013077	ldal Pártja Fp {I}iberálisok
Mp Zö
d	13676963.605270023	ldal Pártja Fp {1}iberálisok
Mp Zö
e	3666278.285464527	ldal Pártja Fp {/}iberálisok
Mp Zö
Best:	b	ldal Pártja Fp {l}iberálisok
Mp Zö

Alternatives:
a	61.648634181010365	okraták
REUTERS{ *}
helyzetben egyr
b	9999999999999.994	okraták
REUTERS{}
helyzetben egyr
Best:	a	okraták
REUTERS{ *}
helyzetben egyr

Alternatives:
a	41.09142112216656	árcákra áhítozó{
}Zöld Párt, amely
b	1.0650968426492653	árcákra áhítozó{ }Zöld Párt, amely
Best:	b	árcákra áhítozó{ }Zöld Párt, amely

Alternatives:
a	1.1476687109854746	llett Labusé is{,} aki „extrém mód
b	10.09450311011817	llett Labusé is{.} aki „extrém mód
Best:	a	llett Labusé is{,} aki „extrém mód

Alternatives:
a	208611.07911484348	 választások ku{-}
hozta azt, amit
b	9999999999999.994	 választások ku{}
hozta azt, amit
Best:	a	 választások ku{-}
hozta azt, amit

Alternatives:
a	1.1960888107143426	y a vajdasági S{}zerémségben Voji
b	4.434711517239975	y a vajdasági S{ S}zerémségben Voji
Best:	a	y a vajdasági S{}zerémségben Voji

Alternatives:
aa	1.956581218143962	eselj aratta a {}legtöbb babért?{}
Erre a nagyszám
ab	4.860540910935556	eselj aratta a {}legtöbb babért?{ f}
Erre a nagyszám
ba	5.355559552299166	eselj aratta a {1 }legtöbb babért?{}
Erre a nagyszám
bb	11.010747594188457	eselj aratta a {1 }legtöbb babért?{ f}
Erre a nagyszám
Best:	aa	eselj aratta a {}legtöbb babért?{}
Erre a nagyszám

Alternatives:
a	1.0663175920307562	 szerb menekült{}jelenléte adhat 
b	1.0001584667865604	 szerb menekült{ }jelenléte adhat 
Best:	b	 szerb menekült{ }jelenléte adhat 

Alternatives:
a	23246.287247844248	agyarázatot. Az{.} ő szavazataik t
b	1.0000069141865995	agyarázatot. Az{} ő szavazataik t
Best:	b	agyarázatot. Az{} ő szavazataik t

Alternatives:
a	1.0015412433265287	k le. Milosevic{ }felszólítása nyo
b	7553695.17108199	k le. Milosevic{
}felszólítása nyo
Best:	a	k le. Milosevic{ }felszólítása nyo

Alternatives:
a	1.0004903702434746	 bátorít, az az{,} hogy az észak-b
b	3453592.1179189524	 bátorít, az az{.} hogy az észak-b
Best:	a	 bátorít, az az{,} hogy az észak-b

Alternatives:
a	5.4585189957621525	 euróöve-zethez{.}, sőt, még akár 
b	1.0174686758073723	 euróöve-zethez{}, sőt, még akár 
Best:	b	 euróöve-zethez{}, sőt, még akár 

Alternatives:
a	1.0437843745230952	 a pénzpiacokon{,} a politikai cse
b	339.05201806035126	 a pénzpiacokon{.} a politikai cse
Best:	a	 a pénzpiacokon{,} a politikai cse

Alternatives:
a	1.029027815839452	urópai gondolko{}dású, aki az Eur
b	7156614945.6322155	urópai gondolko{-
}dású, aki az Eur
Best:	a	urópai gondolko{}dású, aki az Eur

Alternatives:
a	5704.629710616874	ódja körüli néz{.etelJérésekeJ} azonban egyelőr
b	1.0132243294670542	ódja körüli néz{eteltéréseket} azonban egyelőr
Best:	b	ódja körüli néz{eteltéréseket} azonban egyelőr

Alternatives:
a	237.86589564915406	hatása lenne az{.} újonnan csatlak
b	1.0	hatása lenne az{} újonnan csatlak
Best:	b	hatása lenne az{} újonnan csatlak

Alternatives:
a	1.0000045299737792	 bizonyítsák be{,} hogy Szerbia a 
b	3647984.372481672	 bizonyítsák be{.} hogy Szerbia a 
Best:	a	 bizonyítsák be{,} hogy Szerbia a 

Alternatives:
a	383207132.3517558	ok útját válasz{.}totta.
A szövets
b	1.000000238418636	ok útját válasz{}totta.
A szövets
Best:	b	ok útját válasz{}totta.
A szövets

Alternatives:
a	1.0015250688623802	t a Vajdaságban{,} ahol 37 százalé
b	876873.948061017	t a Vajdaságban{.} ahol 37 százalé
Best:	a	t a Vajdaságban{,} ahol 37 százalé

Alternatives:
a	37551026.26751567	p meg is jegyez{.}te, hogy Labus a
b	1.0260773933847636	p meg is jegyez{}te, hogy Labus a
Best:	b	p meg is jegyez{}te, hogy Labus a

Alternatives:
a	11121786.206358211	ltségvetési poz{.}ícióba. Per Stig
b	1.000100861230922	ltségvetési poz{}ícióba. Per Stig
Best:	b	ltségvetési poz{}ícióba. Per Stig

Alternatives:
a	19369.533499297584	ámogatná azt az{.} elképzelést, am
b	1.0	ámogatná azt az{} elképzelést, am
Best:	b	ámogatná azt az{} elképzelést, am

Alternatives:
a	1.1585767137370016	atiság mellett.{ }Kilátásba helyez
b	1.9897281730692105	atiság mellett.{
}Kilátásba helyez
Best:	a	atiság mellett.{ }Kilátásba helyez

Alternatives:
a	1.0008221641563428	égvetésből. Már{ }az idén növelik 
b	3.1996136941016453	égvetésből. Már{}az idén növelik 
Best:	a	égvetésből. Már{ }az idén növelik 

Alternatives:
a	21313192.259926375	 komolyabb össz{.}eget a következő
b	1.0	 komolyabb össz{}eget a következő
Best:	b	 komolyabb össz{}eget a következő

Alternatives:
a	1.0550895997518244	etésben a kis-
{J}elölt is, Szabó 
b	3.1357435720109335	etésben a kis-
{j}elölt is, Szabó 
Best:	a	etésben a kis-
{J}elölt is, Szabó 

Alternatives:
a	24448382.313038148	lva, hogy 21 Sz{.}abó Jánosné nehe
b	1.000024915362276	lva, hogy 21 Sz{}abó Jánosné nehe
Best:	b	lva, hogy 21 Sz{}abó Jánosné nehe

Alternatives:
aa	255.89767386070199	ebb 1753-an kam{-}pány{ol}nak a Szabó veze
ab	1249.7472764396077	ebb 1753-an kam{-}pány{éi}nak a Szabó veze
ac	1385.4287464299507	ebb 1753-an kam{-}pány{d}nak a Szabó veze
ad	164119.76060421328	ebb 1753-an kam{-}pány{cl}nak a Szabó veze
ae	1293.702847457761	ebb 1753-an kam{-}pány{ci}nak a Szabó veze
af	1129.237110407326	ebb 1753-an kam{-}pány{oi}nak a Szabó veze
ba	1.0757639911057437	ebb 1753-an kam{}pány{ol}nak a Szabó veze
bb	28.59050429453252	ebb 1753-an kam{}pány{éi}nak a Szabó veze
bc	23.2889080398949	ebb 1753-an kam{}pány{d}nak a Szabó veze
bd	20107.601653225236	ebb 1753-an kam{}pány{cl}nak a Szabó veze
be	84.10559690441093	ebb 1753-an kam{}pány{ci}nak a Szabó veze
bf	36.64306676032735	ebb 1753-an kam{}pány{oi}nak a Szabó veze
Best:	ba	ebb 1753-an kam{}pány{ol}nak a Szabó veze

Alternatives:
a	4015983.508433366	 Választási Biz{.}ottság sorsoláss
b	1.0	 Választási Biz{}ottság sorsoláss
Best:	b	 Választási Biz{}ottság sorsoláss

Alternatives:
aa	14.150925745181063	csabai megyeház{o}n Fotó: mti - {L}ehoczky Péter
mi
ab	24.553637465015818	csabai megyeház{o}n Fotó: mti - {t}ehoczky Péter
mi
ba	14.599374968774981	csabai megyeház{á}n Fotó: mti - {L}ehoczky Péter
mi
bb	25.35518523865366	csabai megyeház{á}n Fotó: mti - {t}ehoczky Péter
mi
ca	30.207189875725213	csabai megyeház{é}n Fotó: mti - {L}ehoczky Péter
mi
cb	52.78660521500411	csabai megyeház{é}n Fotó: mti - {t}ehoczky Péter
mi
da	138.09435206461288	csabai megyeház{õ}n Fotó: mti - {L}ehoczky Péter
mi
db	239.5218138516184	csabai megyeház{õ}n Fotó: mti - {t}ehoczky Péter
mi
ea	33.41821409732421	csabai megyeház{e}n Fotó: mti - {L}ehoczky Péter
mi
eb	58.35756528567978	csabai megyeház{e}n Fotó: mti - {t}ehoczky Péter
mi
fa	91.27811488633601	csabai megyeház{ő}n Fotó: mti - {L}ehoczky Péter
mi
fb	158.2477386758954	csabai megyeház{ő}n Fotó: mti - {t}ehoczky Péter
mi
ga	138.09435206461288	csabai megyeház{ô}n Fotó: mti - {L}ehoczky Péter
mi
gb	239.5218138516184	csabai megyeház{ô}n Fotó: mti - {t}ehoczky Péter
mi
ha	26.73606129837606	csabai megyeház{ó}n Fotó: mti - {L}ehoczky Péter
mi
hb	46.446433515288106	csabai megyeház{ó}n Fotó: mti - {t}ehoczky Péter
mi
ia	464.625839677582	csabai megyeház{c}n Fotó: mti - {L}ehoczky Péter
mi
ib	800.6843647155584	csabai megyeház{c}n Fotó: mti - {t}ehoczky Péter
mi
ja	78.83141536595679	csabai megyeház{ö}n Fotó: mti - {L}ehoczky Péter
mi
jb	137.09070404292336	csabai megyeház{ö}n Fotó: mti - {t}ehoczky Péter
mi
Best:	aa	csabai megyeház{o}n Fotó: mti - {L}ehoczky Péter
mi

Alternatives:
aa	1131489.4833229114	nem szavazók” l{^^}tájá{-}ra.) Kilenc hely
ab	2652908.7910866262	nem szavazók” l{^^}tájá{}ra.) Kilenc hely
ba	17.73761903715426	nem szavazók” l{is}tájá{-}ra.) Kilenc hely
bb	1.2102983660245064	nem szavazók” l{is}tájá{}ra.) Kilenc hely
Best:	bb	nem szavazók” l{is}tájá{}ra.) Kilenc hely

Alternatives:
a	8693052.165765831	int a megszerez{.}hető mandátumok 
b	1.0006658096571686	int a megszerez{}hető mandátumok 
Best:	b	int a megszerez{}hető mandátumok 

Alternatives:
a	1.0000029206489194	 8362 polgármes{ter}jelölt zöme (717
b	10462.06356943171	 8362 polgármes{-tei}jelölt zöme (717
Best:	a	 8362 polgármes{ter}jelölt zöme (717

Alternatives:
a	1.159031424835217	Erzsébet (MSZP){,} Karacs Lajos-né
b	2.9893267571145246	Erzsébet (MSZP){.} Karacs Lajos-né
Best:	a	Erzsébet (MSZP){,} Karacs Lajos-né

Alternatives:
a	188054514.45733967	ban eddig 52 ez{.}er jelölt iratko
b	1.0000001192093038	ban eddig 52 ez{}er jelölt iratko
Best:	b	ban eddig 52 ez{}er jelölt iratko

